

================================================================
== Synthesis Summary Report of 'kernel_gemm'
================================================================
+ General Information: 
    * Date:           Fri Feb 20 16:11:04 2026
    * Version:        2020.2.2 (Build 3118627 on Tue Feb  9 05:13:49 MST 2021)
    * Project:        proj_csim
    * Solution:       solution1 (Vivado IP Flow Target)
    * Product family: virtexuplus
    * Target device:  xcu50-fsvh2104-2-e
    

+ Performance & Resource Estimates: 
    
    PS: '+' for module; 'o' for loop; '*' for dataflow
    +-----------------------------------+------+-------+------------+-----------+----------+------------+------+----------+---------+----------+------------+------------+-----+
    |              Modules              | Issue|       |  Latency   |  Latency  | Iteration|            | Trip |          |         |          |            |            |     |
    |              & Loops              | Type | Slack |  (cycles)  |    (ns)   |  Latency |  Interval  | Count| Pipelined|  BRAM   |    DSP   |     FF     |     LUT    | URAM|
    +-----------------------------------+------+-------+------------+-----------+----------+------------+------+----------+---------+----------+------------+------------+-----+
    |+ kernel_gemm                      |     -|  -0.00|  3385999363|  1.128e+10|         -|  3385999364|     -|        no|  4 (~0%)|  335 (5%)|  52837 (3%)|  33980 (3%)|    -|
    | + grp_compute_tile_fu_2806        |     -|  -0.09|        4562|  1.519e+04|         -|        4562|     -|        no|        -|  322 (5%)|  38971 (2%)|  18210 (2%)|    -|
    |  o COMPUTE_LOOP_I_COMPUTE_LOOP_J  |     -|  -2.43|        4560|  1.518e+04|       466|           1|  4096|       yes|        -|         -|           -|           -|    -|
    | o TILE_LOOP_I_TILE_LOOP_J         |     -|  -2.43|  3385999360|  1.128e+10|    826660|           -|  4096|        no|        -|         -|           -|           -|    -|
    |  o INIT_LOOP_II_INIT_LOOP_JJ      |     -|  -2.43|        4114|  1.370e+04|        20|           1|  4096|       yes|        -|         -|           -|           -|    -|
    |  o TILE_LOOP_K                    |     -|  -2.43|      818432|  2.725e+06|     12788|           -|    64|        no|        -|         -|           -|           -|    -|
    |   o LOAD_LOOP_I_LOAD_LOOP_J       |     -|  -2.43|        4110|  1.369e+04|        16|           1|  4096|       yes|        -|         -|           -|           -|    -|
    |   o LOAD_LOOP_I_LOAD_LOOP_J       |     -|  -2.43|        4110|  1.369e+04|        16|           1|  4096|       yes|        -|         -|           -|           -|    -|
    |  o STORE_LOOP_I_STORE_LOOP_J      |     -|  -2.43|        4108|  1.368e+04|        14|           1|  4096|       yes|        -|         -|           -|           -|    -|
    +-----------------------------------+------+-------+------------+-----------+----------+------------+------+----------+---------+----------+------------+------------+-----+

