

================================================================
== Vitis HLS Report for 'kernel_gemm'
================================================================
* Date:           Fri Feb 20 13:04:30 2026

* Version:        2020.2.2 (Build 3118627 on Tue Feb  9 05:13:49 MST 2021)
* Project:        proj_csim
* Solution:       solution1 (Vivado IP Flow Target)
* Product family: virtexuplus
* Target device:  xcu50-fsvh2104-2-e


================================================================
== Performance Estimates
================================================================
+ Timing: 
    * Summary: 
    +--------+---------+----------+------------+
    |  Clock |  Target | Estimated| Uncertainty|
    +--------+---------+----------+------------+
    |ap_clk  |  3.33 ns|  2.431 ns|     0.90 ns|
    +--------+---------+----------+------------+

+ Latency: 
    * Summary: 
    +---------+---------+----------+----------+-----+-----+---------+
    |  Latency (cycles) |  Latency (absolute) |  Interval | Pipeline|
    |   min   |   max   |    min   |    max   | min | max |   Type  |
    +---------+---------+----------+----------+-----+-----+---------+
    |        ?|        ?|         ?|         ?|    ?|    ?|     none|
    +---------+---------+----------+----------+-----+-----+---------+

    + Detail: 
        * Instance: 
        +--------------------------+--------------+---------+---------+-----------+-----------+------+------+---------+
        |                          |              |  Latency (cycles) |   Latency (absolute)  |   Interval  | Pipeline|
        |         Instance         |    Module    |   min   |   max   |    min    |    max    |  min |  max |   Type  |
        +--------------------------+--------------+---------+---------+-----------+-----------+------+------+---------+
        |grp_compute_tile_fu_2798  |compute_tile  |     4562|     4562|  15.191 us|  15.191 us|  4562|  4562|     none|
        +--------------------------+--------------+---------+---------+-----------+-----------+------+------+---------+

        * Loop: 
        +-------------------------------------+---------+---------+----------+-----------+-----------+------+----------+
        |                                     |  Latency (cycles) | Iteration|  Initiation Interval  | Trip |          |
        |              Loop Name              |   min   |   max   |  Latency |  achieved |   target  | Count| Pipelined|
        +-------------------------------------+---------+---------+----------+-----------+-----------+------+----------+
        |- VITIS_LOOP_75_1_VITIS_LOOP_76_2    |        ?|        ?|         ?|          -|          -|     ?|        no|
        | + VITIS_LOOP_80_3_VITIS_LOOP_81_4   |     4114|     4114|        20|          1|          1|  4096|       yes|
        | + VITIS_LOOP_91_5                   |        ?|        ?|     12788|          -|          -|     ?|        no|
        |  ++ VITIS_LOOP_9_1_VITIS_LOOP_10_2  |     4110|     4110|        16|          1|          1|  4096|       yes|
        |  ++ VITIS_LOOP_9_1_VITIS_LOOP_10_2  |     4110|     4110|        16|          1|          1|  4096|       yes|
        | + VITIS_LOOP_46_1_VITIS_LOOP_47_2   |     4108|     4108|        14|          1|          1|  4096|       yes|
        +-------------------------------------+---------+---------+----------+-----------+-----------+------+----------+



================================================================
== Utilization Estimates
================================================================
* Summary: 
+---------------------+---------+------+---------+--------+-----+
|         Name        | BRAM_18K|  DSP |    FF   |   LUT  | URAM|
+---------------------+---------+------+---------+--------+-----+
|DSP                  |        -|     -|        -|       -|    -|
|Expression           |        -|     -|        0|    3736|    -|
|FIFO                 |        -|     -|        -|       -|    -|
|Instance             |        4|   335|    42258|   20861|    -|
|Memory               |        0|     -|     4096|    4224|    -|
|Multiplexer          |        -|     -|        -|    4135|    -|
|Register             |        -|     -|     6133|     704|    -|
+---------------------+---------+------+---------+--------+-----+
|Total                |        4|   335|    52487|   33660|    0|
+---------------------+---------+------+---------+--------+-----+
|Available SLR        |     1344|  2976|   871680|  435840|  320|
+---------------------+---------+------+---------+--------+-----+
|Utilization SLR (%)  |       ~0|    11|        6|       7|    0|
+---------------------+---------+------+---------+--------+-----+
|Available            |     2688|  5952|  1743360|  871680|  640|
+---------------------+---------+------+---------+--------+-----+
|Utilization (%)      |       ~0|     5|        3|       3|    0|
+---------------------+---------+------+---------+--------+-----+

+ Detail: 
    * Instance: 
    +------------------------------------+-------------------------------+---------+-----+-------+-------+-----+
    |              Instance              |             Module            | BRAM_18K| DSP |   FF  |  LUT  | URAM|
    +------------------------------------+-------------------------------+---------+-----+-------+-------+-----+
    |grp_compute_tile_fu_2798            |compute_tile                   |        0|  322|  38971|  18210|    0|
    |control_r_s_axi_U                   |control_r_s_axi                |        0|    0|    240|    424|    0|
    |control_s_axi_U                     |control_s_axi                  |        0|    0|     36|     40|    0|
    |fmul_32ns_32ns_32_4_max_dsp_1_U263  |fmul_32ns_32ns_32_4_max_dsp_1  |        0|    3|    143|     78|    0|
    |gmem0_m_axi_U                       |gmem0_m_axi                    |        2|    0|    512|    580|    0|
    |gmem1_m_axi_U                       |gmem1_m_axi                    |        2|    0|    512|    580|    0|
    |mul_27ns_27ns_116_2_1_U264          |mul_27ns_27ns_116_2_1          |        0|    2|    128|      1|    0|
    |mul_62s_32s_62_5_1_U265             |mul_62s_32s_62_5_1             |        0|    2|    429|    237|    0|
    |mul_62s_32s_62_5_1_U266             |mul_62s_32s_62_5_1             |        0|    2|    429|    237|    0|
    |mul_62s_32s_62_5_1_U267             |mul_62s_32s_62_5_1             |        0|    2|    429|    237|    0|
    |mul_62s_32s_62_5_1_U268             |mul_62s_32s_62_5_1             |        0|    2|    429|    237|    0|
    +------------------------------------+-------------------------------+---------+-----+-------+-------+-----+
    |Total                               |                               |        4|  335|  42258|  20861|    0|
    +------------------------------------+-------------------------------+---------+-----+-------+-------+-----+

    * DSP: 
    N/A

    * Memory: 
    +-------------+----------+---------+----+----+-----+------+-----+------+-------------+
    |    Memory   |  Module  | BRAM_18K| FF | LUT| URAM| Words| Bits| Banks| W*Bits*Banks|
    +-------------+----------+---------+----+----+-----+------+-----+------+-------------+
    |buff_A_0_U   |buff_A_0  |        0|  32|  33|    0|    64|   32|     1|         2048|
    |buff_A_1_U   |buff_A_0  |        0|  32|  33|    0|    64|   32|     1|         2048|
    |buff_A_2_U   |buff_A_0  |        0|  32|  33|    0|    64|   32|     1|         2048|
    |buff_A_3_U   |buff_A_0  |        0|  32|  33|    0|    64|   32|     1|         2048|
    |buff_A_4_U   |buff_A_0  |        0|  32|  33|    0|    64|   32|     1|         2048|
    |buff_A_5_U   |buff_A_0  |        0|  32|  33|    0|    64|   32|     1|         2048|
    |buff_A_6_U   |buff_A_0  |        0|  32|  33|    0|    64|   32|     1|         2048|
    |buff_A_7_U   |buff_A_0  |        0|  32|  33|    0|    64|   32|     1|         2048|
    |buff_A_8_U   |buff_A_0  |        0|  32|  33|    0|    64|   32|     1|         2048|
    |buff_A_9_U   |buff_A_0  |        0|  32|  33|    0|    64|   32|     1|         2048|
    |buff_A_10_U  |buff_A_0  |        0|  32|  33|    0|    64|   32|     1|         2048|
    |buff_A_11_U  |buff_A_0  |        0|  32|  33|    0|    64|   32|     1|         2048|
    |buff_A_12_U  |buff_A_0  |        0|  32|  33|    0|    64|   32|     1|         2048|
    |buff_A_13_U  |buff_A_0  |        0|  32|  33|    0|    64|   32|     1|         2048|
    |buff_A_14_U  |buff_A_0  |        0|  32|  33|    0|    64|   32|     1|         2048|
    |buff_A_15_U  |buff_A_0  |        0|  32|  33|    0|    64|   32|     1|         2048|
    |buff_A_16_U  |buff_A_0  |        0|  32|  33|    0|    64|   32|     1|         2048|
    |buff_A_17_U  |buff_A_0  |        0|  32|  33|    0|    64|   32|     1|         2048|
    |buff_A_18_U  |buff_A_0  |        0|  32|  33|    0|    64|   32|     1|         2048|
    |buff_A_19_U  |buff_A_0  |        0|  32|  33|    0|    64|   32|     1|         2048|
    |buff_A_20_U  |buff_A_0  |        0|  32|  33|    0|    64|   32|     1|         2048|
    |buff_A_21_U  |buff_A_0  |        0|  32|  33|    0|    64|   32|     1|         2048|
    |buff_A_22_U  |buff_A_0  |        0|  32|  33|    0|    64|   32|     1|         2048|
    |buff_A_23_U  |buff_A_0  |        0|  32|  33|    0|    64|   32|     1|         2048|
    |buff_A_24_U  |buff_A_0  |        0|  32|  33|    0|    64|   32|     1|         2048|
    |buff_A_25_U  |buff_A_0  |        0|  32|  33|    0|    64|   32|     1|         2048|
    |buff_A_26_U  |buff_A_0  |        0|  32|  33|    0|    64|   32|     1|         2048|
    |buff_A_27_U  |buff_A_0  |        0|  32|  33|    0|    64|   32|     1|         2048|
    |buff_A_28_U  |buff_A_0  |        0|  32|  33|    0|    64|   32|     1|         2048|
    |buff_A_29_U  |buff_A_0  |        0|  32|  33|    0|    64|   32|     1|         2048|
    |buff_A_30_U  |buff_A_0  |        0|  32|  33|    0|    64|   32|     1|         2048|
    |buff_A_31_U  |buff_A_0  |        0|  32|  33|    0|    64|   32|     1|         2048|
    |buff_A_32_U  |buff_A_0  |        0|  32|  33|    0|    64|   32|     1|         2048|
    |buff_A_33_U  |buff_A_0  |        0|  32|  33|    0|    64|   32|     1|         2048|
    |buff_A_34_U  |buff_A_0  |        0|  32|  33|    0|    64|   32|     1|         2048|
    |buff_A_35_U  |buff_A_0  |        0|  32|  33|    0|    64|   32|     1|         2048|
    |buff_A_36_U  |buff_A_0  |        0|  32|  33|    0|    64|   32|     1|         2048|
    |buff_A_37_U  |buff_A_0  |        0|  32|  33|    0|    64|   32|     1|         2048|
    |buff_A_38_U  |buff_A_0  |        0|  32|  33|    0|    64|   32|     1|         2048|
    |buff_A_39_U  |buff_A_0  |        0|  32|  33|    0|    64|   32|     1|         2048|
    |buff_A_40_U  |buff_A_0  |        0|  32|  33|    0|    64|   32|     1|         2048|
    |buff_A_41_U  |buff_A_0  |        0|  32|  33|    0|    64|   32|     1|         2048|
    |buff_A_42_U  |buff_A_0  |        0|  32|  33|    0|    64|   32|     1|         2048|
    |buff_A_43_U  |buff_A_0  |        0|  32|  33|    0|    64|   32|     1|         2048|
    |buff_A_44_U  |buff_A_0  |        0|  32|  33|    0|    64|   32|     1|         2048|
    |buff_A_45_U  |buff_A_0  |        0|  32|  33|    0|    64|   32|     1|         2048|
    |buff_A_46_U  |buff_A_0  |        0|  32|  33|    0|    64|   32|     1|         2048|
    |buff_A_47_U  |buff_A_0  |        0|  32|  33|    0|    64|   32|     1|         2048|
    |buff_A_48_U  |buff_A_0  |        0|  32|  33|    0|    64|   32|     1|         2048|
    |buff_A_49_U  |buff_A_0  |        0|  32|  33|    0|    64|   32|     1|         2048|
    |buff_A_50_U  |buff_A_0  |        0|  32|  33|    0|    64|   32|     1|         2048|
    |buff_A_51_U  |buff_A_0  |        0|  32|  33|    0|    64|   32|     1|         2048|
    |buff_A_52_U  |buff_A_0  |        0|  32|  33|    0|    64|   32|     1|         2048|
    |buff_A_53_U  |buff_A_0  |        0|  32|  33|    0|    64|   32|     1|         2048|
    |buff_A_54_U  |buff_A_0  |        0|  32|  33|    0|    64|   32|     1|         2048|
    |buff_A_55_U  |buff_A_0  |        0|  32|  33|    0|    64|   32|     1|         2048|
    |buff_A_56_U  |buff_A_0  |        0|  32|  33|    0|    64|   32|     1|         2048|
    |buff_A_57_U  |buff_A_0  |        0|  32|  33|    0|    64|   32|     1|         2048|
    |buff_A_58_U  |buff_A_0  |        0|  32|  33|    0|    64|   32|     1|         2048|
    |buff_A_59_U  |buff_A_0  |        0|  32|  33|    0|    64|   32|     1|         2048|
    |buff_A_60_U  |buff_A_0  |        0|  32|  33|    0|    64|   32|     1|         2048|
    |buff_A_61_U  |buff_A_0  |        0|  32|  33|    0|    64|   32|     1|         2048|
    |buff_A_62_U  |buff_A_0  |        0|  32|  33|    0|    64|   32|     1|         2048|
    |buff_A_63_U  |buff_A_0  |        0|  32|  33|    0|    64|   32|     1|         2048|
    |buff_B_0_U   |buff_A_0  |        0|  32|  33|    0|    64|   32|     1|         2048|
    |buff_B_1_U   |buff_A_0  |        0|  32|  33|    0|    64|   32|     1|         2048|
    |buff_B_2_U   |buff_A_0  |        0|  32|  33|    0|    64|   32|     1|         2048|
    |buff_B_3_U   |buff_A_0  |        0|  32|  33|    0|    64|   32|     1|         2048|
    |buff_B_4_U   |buff_A_0  |        0|  32|  33|    0|    64|   32|     1|         2048|
    |buff_B_5_U   |buff_A_0  |        0|  32|  33|    0|    64|   32|     1|         2048|
    |buff_B_6_U   |buff_A_0  |        0|  32|  33|    0|    64|   32|     1|         2048|
    |buff_B_7_U   |buff_A_0  |        0|  32|  33|    0|    64|   32|     1|         2048|
    |buff_B_8_U   |buff_A_0  |        0|  32|  33|    0|    64|   32|     1|         2048|
    |buff_B_9_U   |buff_A_0  |        0|  32|  33|    0|    64|   32|     1|         2048|
    |buff_B_10_U  |buff_A_0  |        0|  32|  33|    0|    64|   32|     1|         2048|
    |buff_B_11_U  |buff_A_0  |        0|  32|  33|    0|    64|   32|     1|         2048|
    |buff_B_12_U  |buff_A_0  |        0|  32|  33|    0|    64|   32|     1|         2048|
    |buff_B_13_U  |buff_A_0  |        0|  32|  33|    0|    64|   32|     1|         2048|
    |buff_B_14_U  |buff_A_0  |        0|  32|  33|    0|    64|   32|     1|         2048|
    |buff_B_15_U  |buff_A_0  |        0|  32|  33|    0|    64|   32|     1|         2048|
    |buff_B_16_U  |buff_A_0  |        0|  32|  33|    0|    64|   32|     1|         2048|
    |buff_B_17_U  |buff_A_0  |        0|  32|  33|    0|    64|   32|     1|         2048|
    |buff_B_18_U  |buff_A_0  |        0|  32|  33|    0|    64|   32|     1|         2048|
    |buff_B_19_U  |buff_A_0  |        0|  32|  33|    0|    64|   32|     1|         2048|
    |buff_B_20_U  |buff_A_0  |        0|  32|  33|    0|    64|   32|     1|         2048|
    |buff_B_21_U  |buff_A_0  |        0|  32|  33|    0|    64|   32|     1|         2048|
    |buff_B_22_U  |buff_A_0  |        0|  32|  33|    0|    64|   32|     1|         2048|
    |buff_B_23_U  |buff_A_0  |        0|  32|  33|    0|    64|   32|     1|         2048|
    |buff_B_24_U  |buff_A_0  |        0|  32|  33|    0|    64|   32|     1|         2048|
    |buff_B_25_U  |buff_A_0  |        0|  32|  33|    0|    64|   32|     1|         2048|
    |buff_B_26_U  |buff_A_0  |        0|  32|  33|    0|    64|   32|     1|         2048|
    |buff_B_27_U  |buff_A_0  |        0|  32|  33|    0|    64|   32|     1|         2048|
    |buff_B_28_U  |buff_A_0  |        0|  32|  33|    0|    64|   32|     1|         2048|
    |buff_B_29_U  |buff_A_0  |        0|  32|  33|    0|    64|   32|     1|         2048|
    |buff_B_30_U  |buff_A_0  |        0|  32|  33|    0|    64|   32|     1|         2048|
    |buff_B_31_U  |buff_A_0  |        0|  32|  33|    0|    64|   32|     1|         2048|
    |buff_B_32_U  |buff_A_0  |        0|  32|  33|    0|    64|   32|     1|         2048|
    |buff_B_33_U  |buff_A_0  |        0|  32|  33|    0|    64|   32|     1|         2048|
    |buff_B_34_U  |buff_A_0  |        0|  32|  33|    0|    64|   32|     1|         2048|
    |buff_B_35_U  |buff_A_0  |        0|  32|  33|    0|    64|   32|     1|         2048|
    |buff_B_36_U  |buff_A_0  |        0|  32|  33|    0|    64|   32|     1|         2048|
    |buff_B_37_U  |buff_A_0  |        0|  32|  33|    0|    64|   32|     1|         2048|
    |buff_B_38_U  |buff_A_0  |        0|  32|  33|    0|    64|   32|     1|         2048|
    |buff_B_39_U  |buff_A_0  |        0|  32|  33|    0|    64|   32|     1|         2048|
    |buff_B_40_U  |buff_A_0  |        0|  32|  33|    0|    64|   32|     1|         2048|
    |buff_B_41_U  |buff_A_0  |        0|  32|  33|    0|    64|   32|     1|         2048|
    |buff_B_42_U  |buff_A_0  |        0|  32|  33|    0|    64|   32|     1|         2048|
    |buff_B_43_U  |buff_A_0  |        0|  32|  33|    0|    64|   32|     1|         2048|
    |buff_B_44_U  |buff_A_0  |        0|  32|  33|    0|    64|   32|     1|         2048|
    |buff_B_45_U  |buff_A_0  |        0|  32|  33|    0|    64|   32|     1|         2048|
    |buff_B_46_U  |buff_A_0  |        0|  32|  33|    0|    64|   32|     1|         2048|
    |buff_B_47_U  |buff_A_0  |        0|  32|  33|    0|    64|   32|     1|         2048|
    |buff_B_48_U  |buff_A_0  |        0|  32|  33|    0|    64|   32|     1|         2048|
    |buff_B_49_U  |buff_A_0  |        0|  32|  33|    0|    64|   32|     1|         2048|
    |buff_B_50_U  |buff_A_0  |        0|  32|  33|    0|    64|   32|     1|         2048|
    |buff_B_51_U  |buff_A_0  |        0|  32|  33|    0|    64|   32|     1|         2048|
    |buff_B_52_U  |buff_A_0  |        0|  32|  33|    0|    64|   32|     1|         2048|
    |buff_B_53_U  |buff_A_0  |        0|  32|  33|    0|    64|   32|     1|         2048|
    |buff_B_54_U  |buff_A_0  |        0|  32|  33|    0|    64|   32|     1|         2048|
    |buff_B_55_U  |buff_A_0  |        0|  32|  33|    0|    64|   32|     1|         2048|
    |buff_B_56_U  |buff_A_0  |        0|  32|  33|    0|    64|   32|     1|         2048|
    |buff_B_57_U  |buff_A_0  |        0|  32|  33|    0|    64|   32|     1|         2048|
    |buff_B_58_U  |buff_A_0  |        0|  32|  33|    0|    64|   32|     1|         2048|
    |buff_B_59_U  |buff_A_0  |        0|  32|  33|    0|    64|   32|     1|         2048|
    |buff_B_60_U  |buff_A_0  |        0|  32|  33|    0|    64|   32|     1|         2048|
    |buff_B_61_U  |buff_A_0  |        0|  32|  33|    0|    64|   32|     1|         2048|
    |buff_B_62_U  |buff_A_0  |        0|  32|  33|    0|    64|   32|     1|         2048|
    |buff_B_63_U  |buff_A_0  |        0|  32|  33|    0|    64|   32|     1|         2048|
    |buff_C_U     |buff_C    |        0|   0|   0|    0|  4096|   32|     1|       131072|
    +-------------+----------+---------+----+----+-----+------+-----+------+-------------+
    |Total        |          |        0|4096|4224|    0| 12288| 4128|   129|       393216|
    +-------------+----------+---------+----+----+-----+------+-----+------+-------------+

    * FIFO: 
    N/A

    * Expression: 
    +------------------------------------+----------+----+---+-----+------------+------------+
    |            Variable Name           | Operation| DSP| FF| LUT | Bitwidth P0| Bitwidth P1|
    +------------------------------------+----------+----+---+-----+------------+------------+
    |add_ln10_1_fu_3676_p2               |         +|   0|  0|   14|           7|           1|
    |add_ln10_fu_3445_p2                 |         +|   0|  0|   14|           7|           1|
    |add_ln13_1_fu_3706_p2               |         +|   0|  0|   71|          64|          64|
    |add_ln13_fu_3471_p2                 |         +|   0|  0|   71|          64|          64|
    |add_ln14_1_fu_3711_p2               |         +|   0|  0|   69|          62|          62|
    |add_ln14_fu_3495_p2                 |         +|   0|  0|   69|          62|          62|
    |add_ln15_1_fu_3512_p2               |         +|   0|  0|   71|          64|          64|
    |add_ln15_2_fu_3731_p2               |         +|   0|  0|   69|          62|          62|
    |add_ln15_3_fu_3743_p2               |         +|   0|  0|   71|          64|          64|
    |add_ln15_fu_3500_p2                 |         +|   0|  0|   69|          62|          62|
    |add_ln46_1_fu_3840_p2               |         +|   0|  0|   69|          62|          62|
    |add_ln46_2_fu_3778_p2               |         +|   0|  0|   20|          13|           1|
    |add_ln46_fu_3804_p2                 |         +|   0|  0|   14|           7|           1|
    |add_ln47_fu_3845_p2                 |         +|   0|  0|   14|           7|           1|
    |add_ln50_fu_3871_p2                 |         +|   0|  0|   71|          64|          64|
    |add_ln51_fu_3915_p2                 |         +|   0|  0|   69|          62|          62|
    |add_ln52_1_fu_3932_p2               |         +|   0|  0|   71|          64|          64|
    |add_ln52_2_fu_3901_p2               |         +|   0|  0|   19|          12|          12|
    |add_ln52_fu_3920_p2                 |         +|   0|  0|   69|          62|          62|
    |add_ln75_1_fu_2950_p2               |         +|   0|  0|   40|          33|           6|
    |add_ln75_2_fu_2984_p2               |         +|   0|  0|   40|          33|           6|
    |add_ln75_3_fu_3045_p2               |         +|   0|  0|  123|         116|           1|
    |add_ln75_fu_3056_p2                 |         +|   0|  0|   71|          64|           7|
    |add_ln76_fu_3961_p2                 |         +|   0|  0|   71|          64|           7|
    |add_ln80_1_fu_3153_p2               |         +|   0|  0|   69|          62|          62|
    |add_ln80_2_fu_3091_p2               |         +|   0|  0|   20|          13|           1|
    |add_ln80_fu_3117_p2                 |         +|   0|  0|   14|           7|           1|
    |add_ln81_fu_3158_p2                 |         +|   0|  0|   14|           7|           1|
    |add_ln84_fu_3184_p2                 |         +|   0|  0|   71|          64|          64|
    |add_ln85_1_fu_3245_p2               |         +|   0|  0|   71|          64|          64|
    |add_ln85_2_fu_3233_p2               |         +|   0|  0|   69|          62|          62|
    |add_ln85_fu_3228_p2                 |         +|   0|  0|   69|          62|          62|
    |add_ln86_fu_3214_p2                 |         +|   0|  0|   19|          12|          12|
    |add_ln91_1_fu_3281_p2               |         +|   0|  0|   40|          33|           6|
    |add_ln91_fu_3772_p2                 |         +|   0|  0|   71|          64|           7|
    |add_ln9_1_fu_3635_p2                |         +|   0|  0|   14|           7|           1|
    |add_ln9_2_fu_3436_p2                |         +|   0|  0|   69|          62|          62|
    |add_ln9_3_fu_3667_p2                |         +|   0|  0|   69|          62|          62|
    |add_ln9_4_fu_3362_p2                |         +|   0|  0|   20|          13|           1|
    |add_ln9_5_fu_3608_p2                |         +|   0|  0|   20|          13|           1|
    |add_ln9_fu_3388_p2                  |         +|   0|  0|   14|           7|           1|
    |empty_27_fu_3101_p2                 |         +|   0|  0|   71|          64|          64|
    |empty_29_fu_3372_p2                 |         +|   0|  0|   71|          64|          64|
    |empty_31_fu_3618_p2                 |         +|   0|  0|   71|          64|          64|
    |empty_33_fu_3788_p2                 |         +|   0|  0|   71|          64|          64|
    |p_mid1101_fu_3685_p2                |         +|   0|  0|   71|          64|          64|
    |p_mid1118_fu_3854_p2                |         +|   0|  0|   71|          64|          64|
    |p_mid16_fu_3167_p2                  |         +|   0|  0|   71|          64|          64|
    |p_mid184_fu_3454_p2                 |         +|   0|  0|   71|          64|          64|
    |sub_ln91_1_fu_3309_p2               |         -|   0|  0|   34|           1|          27|
    |sub_ln91_fu_3294_p2                 |         -|   0|  0|   40|           7|          33|
    |and_ln14_1_fu_3726_p2               |       and|   0|  0|    2|           1|           1|
    |and_ln14_fu_3487_p2                 |       and|   0|  0|    2|           1|           1|
    |and_ln51_fu_3886_p2                 |       and|   0|  0|    2|           1|           1|
    |and_ln85_fu_3199_p2                 |       and|   0|  0|    2|           1|           1|
    |ap_block_pp3_stage0_01001           |       and|   0|  0|    2|           1|           1|
    |ap_block_state12_io                 |       and|   0|  0|    2|           1|           1|
    |ap_block_state19_pp0_stage0_iter14  |       and|   0|  0|    2|           1|           1|
    |ap_block_state34_io                 |       and|   0|  0|    2|           1|           1|
    |ap_block_state41_pp1_stage0_iter14  |       and|   0|  0|    2|           1|           1|
    |ap_block_state51_io                 |       and|   0|  0|    2|           1|           1|
    |ap_block_state58_pp2_stage0_iter14  |       and|   0|  0|    2|           1|           1|
    |ap_block_state69_io                 |       and|   0|  0|    2|           1|           1|
    |ap_block_state70_io                 |       and|   0|  0|    2|           1|           1|
    |ap_block_state75_pp3_stage0_iter13  |       and|   0|  0|    2|           1|           1|
    |ap_predicate_op323_readreq_state12  |       and|   0|  0|    2|           1|           1|
    |ap_predicate_op330_read_state19     |       and|   0|  0|    2|           1|           1|
    |ap_predicate_op403_readreq_state34  |       and|   0|  0|    2|           1|           1|
    |ap_predicate_op410_read_state41     |       and|   0|  0|    2|           1|           1|
    |ap_predicate_op653_readreq_state51  |       and|   0|  0|    2|           1|           1|
    |ap_predicate_op660_read_state58     |       and|   0|  0|    2|           1|           1|
    |cmp3_i21_fu_3624_p2                 |      icmp|   0|  0|   29|          64|          64|
    |cmp3_i21_mid1_fu_3691_p2            |      icmp|   0|  0|   29|          64|          64|
    |cmp3_i41_fu_3793_p2                 |      icmp|   0|  0|   29|          64|          64|
    |cmp3_i41_mid1_fu_3859_p2            |      icmp|   0|  0|   29|          64|          64|
    |cmp3_i_fu_3377_p2                   |      icmp|   0|  0|   29|          64|          64|
    |cmp3_i_mid1_fu_3459_p2              |      icmp|   0|  0|   29|          64|          64|
    |cmp5_fu_3106_p2                     |      icmp|   0|  0|   29|          64|          64|
    |cmp5_mid1_fu_3172_p2                |      icmp|   0|  0|   29|          64|          64|
    |empty_26_fu_2978_p2                 |      icmp|   0|  0|   20|          32|           1|
    |empty_fu_2944_p2                    |      icmp|   0|  0|   20|          32|           1|
    |icmp_ln10_1_fu_3641_p2              |      icmp|   0|  0|   11|           7|           8|
    |icmp_ln10_fu_3394_p2                |      icmp|   0|  0|   11|           7|           8|
    |icmp_ln14_1_fu_3716_p2              |      icmp|   0|  0|   29|          64|          64|
    |icmp_ln14_fu_3477_p2                |      icmp|   0|  0|   29|          64|          64|
    |icmp_ln46_fu_3798_p2                |      icmp|   0|  0|   12|          13|          14|
    |icmp_ln47_fu_3810_p2                |      icmp|   0|  0|   11|           7|           8|
    |icmp_ln51_fu_3876_p2                |      icmp|   0|  0|   29|          64|          64|
    |icmp_ln75_fu_3051_p2                |      icmp|   0|  0|   46|         116|         116|
    |icmp_ln76_fu_3062_p2                |      icmp|   0|  0|   29|          64|          64|
    |icmp_ln80_fu_3111_p2                |      icmp|   0|  0|   12|          13|          14|
    |icmp_ln81_fu_3123_p2                |      icmp|   0|  0|   11|           7|           8|
    |icmp_ln85_fu_3189_p2                |      icmp|   0|  0|   29|          64|          64|
    |icmp_ln91_fu_3353_p2                |      icmp|   0|  0|   29|          64|          64|
    |icmp_ln9_1_fu_3629_p2               |      icmp|   0|  0|   12|          13|          14|
    |icmp_ln9_fu_3382_p2                 |      icmp|   0|  0|   12|          13|          14|
    |ap_block_pp0_stage0_11001           |        or|   0|  0|    2|           1|           1|
    |ap_block_pp1_stage0_11001           |        or|   0|  0|    2|           1|           1|
    |ap_block_pp2_stage0_11001           |        or|   0|  0|    2|           1|           1|
    |ap_block_pp3_stage0_11001           |        or|   0|  0|    2|           1|           1|
    |select_ln45_1_fu_3075_p3            |    select|   0|  0|   63|           1|          64|
    |select_ln45_fu_3067_p3              |    select|   0|  0|   63|           1|          64|
    |select_ln46_1_fu_3824_p3            |    select|   0|  0|    7|           1|           7|
    |select_ln46_2_fu_3881_p3            |    select|   0|  0|    2|           1|           1|
    |select_ln46_fu_3816_p3              |    select|   0|  0|    7|           1|           1|
    |select_ln75_1_fu_3004_p3            |    select|   0|  0|   57|           1|          58|
    |select_ln75_fu_2970_p3              |    select|   0|  0|   57|           1|          58|
    |select_ln80_1_fu_3137_p3            |    select|   0|  0|    7|           1|           7|
    |select_ln80_2_fu_3194_p3            |    select|   0|  0|    2|           1|           1|
    |select_ln80_fu_3129_p3              |    select|   0|  0|    7|           1|           1|
    |select_ln91_1_fu_3333_p3            |    select|   0|  0|   27|           1|           1|
    |select_ln91_fu_3325_p3              |    select|   0|  0|   27|           1|          27|
    |select_ln9_1_fu_3416_p3             |    select|   0|  0|    6|           1|           6|
    |select_ln9_2_fu_3482_p3             |    select|   0|  0|    2|           1|           1|
    |select_ln9_3_fu_3424_p3             |    select|   0|  0|    7|           1|           7|
    |select_ln9_4_fu_3647_p3             |    select|   0|  0|    7|           1|           1|
    |select_ln9_5_fu_3721_p3             |    select|   0|  0|    2|           1|           1|
    |select_ln9_6_fu_3655_p3             |    select|   0|  0|    7|           1|           7|
    |select_ln9_fu_3400_p3               |    select|   0|  0|    7|           1|           1|
    |ap_enable_pp0                       |       xor|   0|  0|    2|           1|           2|
    |ap_enable_pp1                       |       xor|   0|  0|    2|           1|           2|
    |ap_enable_pp2                       |       xor|   0|  0|    2|           1|           2|
    |ap_enable_pp3                       |       xor|   0|  0|    2|           1|           2|
    |ap_enable_reg_pp0_iter1             |       xor|   0|  0|    2|           2|           1|
    |ap_enable_reg_pp1_iter1             |       xor|   0|  0|    2|           2|           1|
    |ap_enable_reg_pp2_iter1             |       xor|   0|  0|    2|           2|           1|
    |ap_enable_reg_pp3_iter1             |       xor|   0|  0|    2|           2|           1|
    +------------------------------------+----------+----+---+-----+------------+------------+
    |Total                               |          |   0|  0| 3736|        3526|        3356|
    +------------------------------------+----------+----+---+-----+------------+------------+

    * Multiplexer: 
    +-------------------------------------------+----+-----------+-----+-----------+
    |                    Name                   | LUT| Input Size| Bits| Total Bits|
    +-------------------------------------------+----+-----------+-----+-----------+
    |ap_NS_fsm                                  |  65|         15|    1|         15|
    |ap_enable_reg_pp0_iter1                    |   9|          2|    1|          2|
    |ap_enable_reg_pp0_iter19                   |   9|          2|    1|          2|
    |ap_enable_reg_pp1_iter1                    |   9|          2|    1|          2|
    |ap_enable_reg_pp1_iter15                   |   9|          2|    1|          2|
    |ap_enable_reg_pp2_iter1                    |   9|          2|    1|          2|
    |ap_enable_reg_pp2_iter15                   |   9|          2|    1|          2|
    |ap_enable_reg_pp3_iter1                    |   9|          2|    1|          2|
    |ap_enable_reg_pp3_iter13                   |   9|          2|    1|          2|
    |ap_phi_mux_i_1_phi_fu_2780_p4              |   9|          2|    7|         14|
    |ap_phi_mux_i_2_phi_fu_2672_p4              |   9|          2|    7|         14|
    |ap_phi_mux_i_phi_fu_2564_p4                |   9|          2|    7|         14|
    |ap_phi_mux_ii_phi_fu_2507_p4               |   9|          2|    7|         14|
    |ap_phi_mux_storemerge1_phi_fu_2586_p4      |   9|          2|   32|         64|
    |ap_phi_mux_storemerge2_phi_fu_2529_p4      |   9|          2|   32|         64|
    |ap_phi_mux_storemerge_phi_fu_2694_p4       |   9|          2|   32|         64|
    |ap_phi_reg_pp0_iter3_storemerge2_reg_2525  |   9|          2|   32|         64|
    |ap_phi_reg_pp1_iter3_storemerge1_reg_2582  |   9|          2|   32|         64|
    |ap_phi_reg_pp2_iter7_storemerge_reg_2690   |   9|          2|   32|         64|
    |buff_A_0_address0                          |  14|          3|    6|         18|
    |buff_A_0_ce0                               |  14|          3|    1|          3|
    |buff_A_10_address0                         |  14|          3|    6|         18|
    |buff_A_10_ce0                              |  14|          3|    1|          3|
    |buff_A_11_address0                         |  14|          3|    6|         18|
    |buff_A_11_ce0                              |  14|          3|    1|          3|
    |buff_A_12_address0                         |  14|          3|    6|         18|
    |buff_A_12_ce0                              |  14|          3|    1|          3|
    |buff_A_13_address0                         |  14|          3|    6|         18|
    |buff_A_13_ce0                              |  14|          3|    1|          3|
    |buff_A_14_address0                         |  14|          3|    6|         18|
    |buff_A_14_ce0                              |  14|          3|    1|          3|
    |buff_A_15_address0                         |  14|          3|    6|         18|
    |buff_A_15_ce0                              |  14|          3|    1|          3|
    |buff_A_16_address0                         |  14|          3|    6|         18|
    |buff_A_16_ce0                              |  14|          3|    1|          3|
    |buff_A_17_address0                         |  14|          3|    6|         18|
    |buff_A_17_ce0                              |  14|          3|    1|          3|
    |buff_A_18_address0                         |  14|          3|    6|         18|
    |buff_A_18_ce0                              |  14|          3|    1|          3|
    |buff_A_19_address0                         |  14|          3|    6|         18|
    |buff_A_19_ce0                              |  14|          3|    1|          3|
    |buff_A_1_address0                          |  14|          3|    6|         18|
    |buff_A_1_ce0                               |  14|          3|    1|          3|
    |buff_A_20_address0                         |  14|          3|    6|         18|
    |buff_A_20_ce0                              |  14|          3|    1|          3|
    |buff_A_21_address0                         |  14|          3|    6|         18|
    |buff_A_21_ce0                              |  14|          3|    1|          3|
    |buff_A_22_address0                         |  14|          3|    6|         18|
    |buff_A_22_ce0                              |  14|          3|    1|          3|
    |buff_A_23_address0                         |  14|          3|    6|         18|
    |buff_A_23_ce0                              |  14|          3|    1|          3|
    |buff_A_24_address0                         |  14|          3|    6|         18|
    |buff_A_24_ce0                              |  14|          3|    1|          3|
    |buff_A_25_address0                         |  14|          3|    6|         18|
    |buff_A_25_ce0                              |  14|          3|    1|          3|
    |buff_A_26_address0                         |  14|          3|    6|         18|
    |buff_A_26_ce0                              |  14|          3|    1|          3|
    |buff_A_27_address0                         |  14|          3|    6|         18|
    |buff_A_27_ce0                              |  14|          3|    1|          3|
    |buff_A_28_address0                         |  14|          3|    6|         18|
    |buff_A_28_ce0                              |  14|          3|    1|          3|
    |buff_A_29_address0                         |  14|          3|    6|         18|
    |buff_A_29_ce0                              |  14|          3|    1|          3|
    |buff_A_2_address0                          |  14|          3|    6|         18|
    |buff_A_2_ce0                               |  14|          3|    1|          3|
    |buff_A_30_address0                         |  14|          3|    6|         18|
    |buff_A_30_ce0                              |  14|          3|    1|          3|
    |buff_A_31_address0                         |  14|          3|    6|         18|
    |buff_A_31_ce0                              |  14|          3|    1|          3|
    |buff_A_32_address0                         |  14|          3|    6|         18|
    |buff_A_32_ce0                              |  14|          3|    1|          3|
    |buff_A_33_address0                         |  14|          3|    6|         18|
    |buff_A_33_ce0                              |  14|          3|    1|          3|
    |buff_A_34_address0                         |  14|          3|    6|         18|
    |buff_A_34_ce0                              |  14|          3|    1|          3|
    |buff_A_35_address0                         |  14|          3|    6|         18|
    |buff_A_35_ce0                              |  14|          3|    1|          3|
    |buff_A_36_address0                         |  14|          3|    6|         18|
    |buff_A_36_ce0                              |  14|          3|    1|          3|
    |buff_A_37_address0                         |  14|          3|    6|         18|
    |buff_A_37_ce0                              |  14|          3|    1|          3|
    |buff_A_38_address0                         |  14|          3|    6|         18|
    |buff_A_38_ce0                              |  14|          3|    1|          3|
    |buff_A_39_address0                         |  14|          3|    6|         18|
    |buff_A_39_ce0                              |  14|          3|    1|          3|
    |buff_A_3_address0                          |  14|          3|    6|         18|
    |buff_A_3_ce0                               |  14|          3|    1|          3|
    |buff_A_40_address0                         |  14|          3|    6|         18|
    |buff_A_40_ce0                              |  14|          3|    1|          3|
    |buff_A_41_address0                         |  14|          3|    6|         18|
    |buff_A_41_ce0                              |  14|          3|    1|          3|
    |buff_A_42_address0                         |  14|          3|    6|         18|
    |buff_A_42_ce0                              |  14|          3|    1|          3|
    |buff_A_43_address0                         |  14|          3|    6|         18|
    |buff_A_43_ce0                              |  14|          3|    1|          3|
    |buff_A_44_address0                         |  14|          3|    6|         18|
    |buff_A_44_ce0                              |  14|          3|    1|          3|
    |buff_A_45_address0                         |  14|          3|    6|         18|
    |buff_A_45_ce0                              |  14|          3|    1|          3|
    |buff_A_46_address0                         |  14|          3|    6|         18|
    |buff_A_46_ce0                              |  14|          3|    1|          3|
    |buff_A_47_address0                         |  14|          3|    6|         18|
    |buff_A_47_ce0                              |  14|          3|    1|          3|
    |buff_A_48_address0                         |  14|          3|    6|         18|
    |buff_A_48_ce0                              |  14|          3|    1|          3|
    |buff_A_49_address0                         |  14|          3|    6|         18|
    |buff_A_49_ce0                              |  14|          3|    1|          3|
    |buff_A_4_address0                          |  14|          3|    6|         18|
    |buff_A_4_ce0                               |  14|          3|    1|          3|
    |buff_A_50_address0                         |  14|          3|    6|         18|
    |buff_A_50_ce0                              |  14|          3|    1|          3|
    |buff_A_51_address0                         |  14|          3|    6|         18|
    |buff_A_51_ce0                              |  14|          3|    1|          3|
    |buff_A_52_address0                         |  14|          3|    6|         18|
    |buff_A_52_ce0                              |  14|          3|    1|          3|
    |buff_A_53_address0                         |  14|          3|    6|         18|
    |buff_A_53_ce0                              |  14|          3|    1|          3|
    |buff_A_54_address0                         |  14|          3|    6|         18|
    |buff_A_54_ce0                              |  14|          3|    1|          3|
    |buff_A_55_address0                         |  14|          3|    6|         18|
    |buff_A_55_ce0                              |  14|          3|    1|          3|
    |buff_A_56_address0                         |  14|          3|    6|         18|
    |buff_A_56_ce0                              |  14|          3|    1|          3|
    |buff_A_57_address0                         |  14|          3|    6|         18|
    |buff_A_57_ce0                              |  14|          3|    1|          3|
    |buff_A_58_address0                         |  14|          3|    6|         18|
    |buff_A_58_ce0                              |  14|          3|    1|          3|
    |buff_A_59_address0                         |  14|          3|    6|         18|
    |buff_A_59_ce0                              |  14|          3|    1|          3|
    |buff_A_5_address0                          |  14|          3|    6|         18|
    |buff_A_5_ce0                               |  14|          3|    1|          3|
    |buff_A_60_address0                         |  14|          3|    6|         18|
    |buff_A_60_ce0                              |  14|          3|    1|          3|
    |buff_A_61_address0                         |  14|          3|    6|         18|
    |buff_A_61_ce0                              |  14|          3|    1|          3|
    |buff_A_62_address0                         |  14|          3|    6|         18|
    |buff_A_62_ce0                              |  14|          3|    1|          3|
    |buff_A_63_address0                         |  14|          3|    6|         18|
    |buff_A_63_ce0                              |  14|          3|    1|          3|
    |buff_A_6_address0                          |  14|          3|    6|         18|
    |buff_A_6_ce0                               |  14|          3|    1|          3|
    |buff_A_7_address0                          |  14|          3|    6|         18|
    |buff_A_7_ce0                               |  14|          3|    1|          3|
    |buff_A_8_address0                          |  14|          3|    6|         18|
    |buff_A_8_ce0                               |  14|          3|    1|          3|
    |buff_A_9_address0                          |  14|          3|    6|         18|
    |buff_A_9_ce0                               |  14|          3|    1|          3|
    |buff_B_0_address0                          |  14|          3|    6|         18|
    |buff_B_0_ce0                               |  14|          3|    1|          3|
    |buff_B_10_address0                         |  14|          3|    6|         18|
    |buff_B_10_ce0                              |  14|          3|    1|          3|
    |buff_B_11_address0                         |  14|          3|    6|         18|
    |buff_B_11_ce0                              |  14|          3|    1|          3|
    |buff_B_12_address0                         |  14|          3|    6|         18|
    |buff_B_12_ce0                              |  14|          3|    1|          3|
    |buff_B_13_address0                         |  14|          3|    6|         18|
    |buff_B_13_ce0                              |  14|          3|    1|          3|
    |buff_B_14_address0                         |  14|          3|    6|         18|
    |buff_B_14_ce0                              |  14|          3|    1|          3|
    |buff_B_15_address0                         |  14|          3|    6|         18|
    |buff_B_15_ce0                              |  14|          3|    1|          3|
    |buff_B_16_address0                         |  14|          3|    6|         18|
    |buff_B_16_ce0                              |  14|          3|    1|          3|
    |buff_B_17_address0                         |  14|          3|    6|         18|
    |buff_B_17_ce0                              |  14|          3|    1|          3|
    |buff_B_18_address0                         |  14|          3|    6|         18|
    |buff_B_18_ce0                              |  14|          3|    1|          3|
    |buff_B_19_address0                         |  14|          3|    6|         18|
    |buff_B_19_ce0                              |  14|          3|    1|          3|
    |buff_B_1_address0                          |  14|          3|    6|         18|
    |buff_B_1_ce0                               |  14|          3|    1|          3|
    |buff_B_20_address0                         |  14|          3|    6|         18|
    |buff_B_20_ce0                              |  14|          3|    1|          3|
    |buff_B_21_address0                         |  14|          3|    6|         18|
    |buff_B_21_ce0                              |  14|          3|    1|          3|
    |buff_B_22_address0                         |  14|          3|    6|         18|
    |buff_B_22_ce0                              |  14|          3|    1|          3|
    |buff_B_23_address0                         |  14|          3|    6|         18|
    |buff_B_23_ce0                              |  14|          3|    1|          3|
    |buff_B_24_address0                         |  14|          3|    6|         18|
    |buff_B_24_ce0                              |  14|          3|    1|          3|
    |buff_B_25_address0                         |  14|          3|    6|         18|
    |buff_B_25_ce0                              |  14|          3|    1|          3|
    |buff_B_26_address0                         |  14|          3|    6|         18|
    |buff_B_26_ce0                              |  14|          3|    1|          3|
    |buff_B_27_address0                         |  14|          3|    6|         18|
    |buff_B_27_ce0                              |  14|          3|    1|          3|
    |buff_B_28_address0                         |  14|          3|    6|         18|
    |buff_B_28_ce0                              |  14|          3|    1|          3|
    |buff_B_29_address0                         |  14|          3|    6|         18|
    |buff_B_29_ce0                              |  14|          3|    1|          3|
    |buff_B_2_address0                          |  14|          3|    6|         18|
    |buff_B_2_ce0                               |  14|          3|    1|          3|
    |buff_B_30_address0                         |  14|          3|    6|         18|
    |buff_B_30_ce0                              |  14|          3|    1|          3|
    |buff_B_31_address0                         |  14|          3|    6|         18|
    |buff_B_31_ce0                              |  14|          3|    1|          3|
    |buff_B_32_address0                         |  14|          3|    6|         18|
    |buff_B_32_ce0                              |  14|          3|    1|          3|
    |buff_B_33_address0                         |  14|          3|    6|         18|
    |buff_B_33_ce0                              |  14|          3|    1|          3|
    |buff_B_34_address0                         |  14|          3|    6|         18|
    |buff_B_34_ce0                              |  14|          3|    1|          3|
    |buff_B_35_address0                         |  14|          3|    6|         18|
    |buff_B_35_ce0                              |  14|          3|    1|          3|
    |buff_B_36_address0                         |  14|          3|    6|         18|
    |buff_B_36_ce0                              |  14|          3|    1|          3|
    |buff_B_37_address0                         |  14|          3|    6|         18|
    |buff_B_37_ce0                              |  14|          3|    1|          3|
    |buff_B_38_address0                         |  14|          3|    6|         18|
    |buff_B_38_ce0                              |  14|          3|    1|          3|
    |buff_B_39_address0                         |  14|          3|    6|         18|
    |buff_B_39_ce0                              |  14|          3|    1|          3|
    |buff_B_3_address0                          |  14|          3|    6|         18|
    |buff_B_3_ce0                               |  14|          3|    1|          3|
    |buff_B_40_address0                         |  14|          3|    6|         18|
    |buff_B_40_ce0                              |  14|          3|    1|          3|
    |buff_B_41_address0                         |  14|          3|    6|         18|
    |buff_B_41_ce0                              |  14|          3|    1|          3|
    |buff_B_42_address0                         |  14|          3|    6|         18|
    |buff_B_42_ce0                              |  14|          3|    1|          3|
    |buff_B_43_address0                         |  14|          3|    6|         18|
    |buff_B_43_ce0                              |  14|          3|    1|          3|
    |buff_B_44_address0                         |  14|          3|    6|         18|
    |buff_B_44_ce0                              |  14|          3|    1|          3|
    |buff_B_45_address0                         |  14|          3|    6|         18|
    |buff_B_45_ce0                              |  14|          3|    1|          3|
    |buff_B_46_address0                         |  14|          3|    6|         18|
    |buff_B_46_ce0                              |  14|          3|    1|          3|
    |buff_B_47_address0                         |  14|          3|    6|         18|
    |buff_B_47_ce0                              |  14|          3|    1|          3|
    |buff_B_48_address0                         |  14|          3|    6|         18|
    |buff_B_48_ce0                              |  14|          3|    1|          3|
    |buff_B_49_address0                         |  14|          3|    6|         18|
    |buff_B_49_ce0                              |  14|          3|    1|          3|
    |buff_B_4_address0                          |  14|          3|    6|         18|
    |buff_B_4_ce0                               |  14|          3|    1|          3|
    |buff_B_50_address0                         |  14|          3|    6|         18|
    |buff_B_50_ce0                              |  14|          3|    1|          3|
    |buff_B_51_address0                         |  14|          3|    6|         18|
    |buff_B_51_ce0                              |  14|          3|    1|          3|
    |buff_B_52_address0                         |  14|          3|    6|         18|
    |buff_B_52_ce0                              |  14|          3|    1|          3|
    |buff_B_53_address0                         |  14|          3|    6|         18|
    |buff_B_53_ce0                              |  14|          3|    1|          3|
    |buff_B_54_address0                         |  14|          3|    6|         18|
    |buff_B_54_ce0                              |  14|          3|    1|          3|
    |buff_B_55_address0                         |  14|          3|    6|         18|
    |buff_B_55_ce0                              |  14|          3|    1|          3|
    |buff_B_56_address0                         |  14|          3|    6|         18|
    |buff_B_56_ce0                              |  14|          3|    1|          3|
    |buff_B_57_address0                         |  14|          3|    6|         18|
    |buff_B_57_ce0                              |  14|          3|    1|          3|
    |buff_B_58_address0                         |  14|          3|    6|         18|
    |buff_B_58_ce0                              |  14|          3|    1|          3|
    |buff_B_59_address0                         |  14|          3|    6|         18|
    |buff_B_59_ce0                              |  14|          3|    1|          3|
    |buff_B_5_address0                          |  14|          3|    6|         18|
    |buff_B_5_ce0                               |  14|          3|    1|          3|
    |buff_B_60_address0                         |  14|          3|    6|         18|
    |buff_B_60_ce0                              |  14|          3|    1|          3|
    |buff_B_61_address0                         |  14|          3|    6|         18|
    |buff_B_61_ce0                              |  14|          3|    1|          3|
    |buff_B_62_address0                         |  14|          3|    6|         18|
    |buff_B_62_ce0                              |  14|          3|    1|          3|
    |buff_B_63_address0                         |  14|          3|    6|         18|
    |buff_B_63_ce0                              |  14|          3|    1|          3|
    |buff_B_6_address0                          |  14|          3|    6|         18|
    |buff_B_6_ce0                               |  14|          3|    1|          3|
    |buff_B_7_address0                          |  14|          3|    6|         18|
    |buff_B_7_ce0                               |  14|          3|    1|          3|
    |buff_B_8_address0                          |  14|          3|    6|         18|
    |buff_B_8_ce0                               |  14|          3|    1|          3|
    |buff_B_9_address0                          |  14|          3|    6|         18|
    |buff_B_9_ce0                               |  14|          3|    1|          3|
    |buff_C_address0                            |  20|          4|   12|         48|
    |buff_C_ce0                                 |  14|          3|    1|          3|
    |buff_C_ce1                                 |   9|          2|    1|          2|
    |buff_C_d0                                  |  14|          3|   32|         96|
    |buff_C_we0                                 |  14|          3|    1|          3|
    |gmem0_ARADDR                               |  14|          3|   64|        192|
    |gmem0_blk_n_AR                             |   9|          2|    1|          2|
    |gmem0_blk_n_AW                             |   9|          2|    1|          2|
    |gmem0_blk_n_B                              |   9|          2|    1|          2|
    |gmem0_blk_n_R                              |   9|          2|    1|          2|
    |gmem0_blk_n_W                              |   9|          2|    1|          2|
    |gmem1_blk_n_AR                             |   9|          2|    1|          2|
    |gmem1_blk_n_R                              |   9|          2|    1|          2|
    |grp_fu_2932_ce                             |  14|          3|    1|          3|
    |grp_fu_2932_p0                             |   9|          2|   32|         64|
    |grp_fu_2932_p1                             |   9|          2|   32|         64|
    |i_1_reg_2776                               |   9|          2|    7|         14|
    |i_2_reg_2668                               |   9|          2|    7|         14|
    |i_3_reg_2470                               |   9|          2|   64|        128|
    |i_reg_2560                                 |   9|          2|    7|         14|
    |ii_reg_2503                                |   9|          2|    7|         14|
    |indvar_flatten105_reg_2657                 |   9|          2|   13|         26|
    |indvar_flatten122_reg_2765                 |   9|          2|   13|         26|
    |indvar_flatten142_reg_2459                 |   9|          2|  116|        232|
    |indvar_flatten88_reg_2549                  |   9|          2|   13|         26|
    |indvar_flatten_reg_2492                    |   9|          2|   13|         26|
    |j_1_reg_2571                               |   9|          2|    7|         14|
    |j_2_reg_2787                               |   9|          2|    7|         14|
    |j_3_reg_2679                               |   9|          2|    7|         14|
    |j_reg_2481                                 |   9|          2|   64|        128|
    |jj_reg_2514                                |   9|          2|    7|         14|
    |k_reg_2537                                 |   9|          2|   64|        128|
    +-------------------------------------------+----+-----------+-----+-----------+
    |Total                                      |4135|        890| 1724|       4480|
    +-------------------------------------------+----+-----------+-----+-----------+

    * Register: 
    +--------------------------------------------+-----+----+-----+-----------+
    |                    Name                    |  FF | LUT| Bits| Const Bits|
    +--------------------------------------------+-----+----+-----+-----------+
    |A_read_reg_4017                             |   64|   0|   64|          0|
    |B_read_reg_4012                             |   64|   0|   64|          0|
    |C_read_reg_4022                             |   64|   0|   64|          0|
    |add_ln14_1_reg_4450                         |   62|   0|   62|          0|
    |add_ln14_reg_4307                           |   62|   0|   62|          0|
    |add_ln46_1_reg_4521                         |   62|   0|   62|          0|
    |add_ln46_reg_4494                           |    7|   0|    7|          0|
    |add_ln51_reg_4555                           |   62|   0|   62|          0|
    |add_ln75_3_reg_4076                         |  116|   0|  116|          0|
    |add_ln80_1_reg_4159                         |   62|   0|   62|          0|
    |add_ln80_reg_4132                           |    7|   0|    7|          0|
    |add_ln85_reg_4193                           |   62|   0|   62|          0|
    |add_ln91_reg_4475                           |   64|   0|   64|          0|
    |add_ln9_1_reg_4337                          |    7|   0|    7|          0|
    |add_ln9_2_reg_4274                          |   62|   0|   62|          0|
    |add_ln9_3_reg_4358                          |   62|   0|   62|          0|
    |add_ln9_reg_4248                            |    7|   0|    7|          0|
    |and_ln14_1_reg_4460                         |    1|   0|    1|          0|
    |and_ln14_reg_4298                           |    1|   0|    1|          0|
    |and_ln51_reg_4541                           |    1|   0|    1|          0|
    |and_ln85_reg_4179                           |    1|   0|    1|          0|
    |ap_CS_fsm                                   |   14|   0|   14|          0|
    |ap_enable_reg_pp0_iter0                     |    1|   0|    1|          0|
    |ap_enable_reg_pp0_iter1                     |    1|   0|    1|          0|
    |ap_enable_reg_pp0_iter10                    |    1|   0|    1|          0|
    |ap_enable_reg_pp0_iter11                    |    1|   0|    1|          0|
    |ap_enable_reg_pp0_iter12                    |    1|   0|    1|          0|
    |ap_enable_reg_pp0_iter13                    |    1|   0|    1|          0|
    |ap_enable_reg_pp0_iter14                    |    1|   0|    1|          0|
    |ap_enable_reg_pp0_iter15                    |    1|   0|    1|          0|
    |ap_enable_reg_pp0_iter16                    |    1|   0|    1|          0|
    |ap_enable_reg_pp0_iter17                    |    1|   0|    1|          0|
    |ap_enable_reg_pp0_iter18                    |    1|   0|    1|          0|
    |ap_enable_reg_pp0_iter19                    |    1|   0|    1|          0|
    |ap_enable_reg_pp0_iter2                     |    1|   0|    1|          0|
    |ap_enable_reg_pp0_iter3                     |    1|   0|    1|          0|
    |ap_enable_reg_pp0_iter4                     |    1|   0|    1|          0|
    |ap_enable_reg_pp0_iter5                     |    1|   0|    1|          0|
    |ap_enable_reg_pp0_iter6                     |    1|   0|    1|          0|
    |ap_enable_reg_pp0_iter7                     |    1|   0|    1|          0|
    |ap_enable_reg_pp0_iter8                     |    1|   0|    1|          0|
    |ap_enable_reg_pp0_iter9                     |    1|   0|    1|          0|
    |ap_enable_reg_pp1_iter0                     |    1|   0|    1|          0|
    |ap_enable_reg_pp1_iter1                     |    1|   0|    1|          0|
    |ap_enable_reg_pp1_iter10                    |    1|   0|    1|          0|
    |ap_enable_reg_pp1_iter11                    |    1|   0|    1|          0|
    |ap_enable_reg_pp1_iter12                    |    1|   0|    1|          0|
    |ap_enable_reg_pp1_iter13                    |    1|   0|    1|          0|
    |ap_enable_reg_pp1_iter14                    |    1|   0|    1|          0|
    |ap_enable_reg_pp1_iter15                    |    1|   0|    1|          0|
    |ap_enable_reg_pp1_iter2                     |    1|   0|    1|          0|
    |ap_enable_reg_pp1_iter3                     |    1|   0|    1|          0|
    |ap_enable_reg_pp1_iter4                     |    1|   0|    1|          0|
    |ap_enable_reg_pp1_iter5                     |    1|   0|    1|          0|
    |ap_enable_reg_pp1_iter6                     |    1|   0|    1|          0|
    |ap_enable_reg_pp1_iter7                     |    1|   0|    1|          0|
    |ap_enable_reg_pp1_iter8                     |    1|   0|    1|          0|
    |ap_enable_reg_pp1_iter9                     |    1|   0|    1|          0|
    |ap_enable_reg_pp2_iter0                     |    1|   0|    1|          0|
    |ap_enable_reg_pp2_iter1                     |    1|   0|    1|          0|
    |ap_enable_reg_pp2_iter10                    |    1|   0|    1|          0|
    |ap_enable_reg_pp2_iter11                    |    1|   0|    1|          0|
    |ap_enable_reg_pp2_iter12                    |    1|   0|    1|          0|
    |ap_enable_reg_pp2_iter13                    |    1|   0|    1|          0|
    |ap_enable_reg_pp2_iter14                    |    1|   0|    1|          0|
    |ap_enable_reg_pp2_iter15                    |    1|   0|    1|          0|
    |ap_enable_reg_pp2_iter2                     |    1|   0|    1|          0|
    |ap_enable_reg_pp2_iter3                     |    1|   0|    1|          0|
    |ap_enable_reg_pp2_iter4                     |    1|   0|    1|          0|
    |ap_enable_reg_pp2_iter5                     |    1|   0|    1|          0|
    |ap_enable_reg_pp2_iter6                     |    1|   0|    1|          0|
    |ap_enable_reg_pp2_iter7                     |    1|   0|    1|          0|
    |ap_enable_reg_pp2_iter8                     |    1|   0|    1|          0|
    |ap_enable_reg_pp2_iter9                     |    1|   0|    1|          0|
    |ap_enable_reg_pp3_iter0                     |    1|   0|    1|          0|
    |ap_enable_reg_pp3_iter1                     |    1|   0|    1|          0|
    |ap_enable_reg_pp3_iter10                    |    1|   0|    1|          0|
    |ap_enable_reg_pp3_iter11                    |    1|   0|    1|          0|
    |ap_enable_reg_pp3_iter12                    |    1|   0|    1|          0|
    |ap_enable_reg_pp3_iter13                    |    1|   0|    1|          0|
    |ap_enable_reg_pp3_iter2                     |    1|   0|    1|          0|
    |ap_enable_reg_pp3_iter3                     |    1|   0|    1|          0|
    |ap_enable_reg_pp3_iter4                     |    1|   0|    1|          0|
    |ap_enable_reg_pp3_iter5                     |    1|   0|    1|          0|
    |ap_enable_reg_pp3_iter6                     |    1|   0|    1|          0|
    |ap_enable_reg_pp3_iter7                     |    1|   0|    1|          0|
    |ap_enable_reg_pp3_iter8                     |    1|   0|    1|          0|
    |ap_enable_reg_pp3_iter9                     |    1|   0|    1|          0|
    |ap_phi_reg_pp0_iter10_storemerge2_reg_2525  |   32|   0|   32|          0|
    |ap_phi_reg_pp0_iter11_storemerge2_reg_2525  |   32|   0|   32|          0|
    |ap_phi_reg_pp0_iter12_storemerge2_reg_2525  |   32|   0|   32|          0|
    |ap_phi_reg_pp0_iter13_storemerge2_reg_2525  |   32|   0|   32|          0|
    |ap_phi_reg_pp0_iter14_storemerge2_reg_2525  |   32|   0|   32|          0|
    |ap_phi_reg_pp0_iter15_storemerge2_reg_2525  |   32|   0|   32|          0|
    |ap_phi_reg_pp0_iter16_storemerge2_reg_2525  |   32|   0|   32|          0|
    |ap_phi_reg_pp0_iter17_storemerge2_reg_2525  |   32|   0|   32|          0|
    |ap_phi_reg_pp0_iter18_storemerge2_reg_2525  |   32|   0|   32|          0|
    |ap_phi_reg_pp0_iter19_storemerge2_reg_2525  |   32|   0|   32|          0|
    |ap_phi_reg_pp0_iter1_storemerge2_reg_2525   |   32|   0|   32|          0|
    |ap_phi_reg_pp0_iter2_storemerge2_reg_2525   |   32|   0|   32|          0|
    |ap_phi_reg_pp0_iter3_storemerge2_reg_2525   |   32|   0|   32|          0|
    |ap_phi_reg_pp0_iter4_storemerge2_reg_2525   |   32|   0|   32|          0|
    |ap_phi_reg_pp0_iter5_storemerge2_reg_2525   |   32|   0|   32|          0|
    |ap_phi_reg_pp0_iter6_storemerge2_reg_2525   |   32|   0|   32|          0|
    |ap_phi_reg_pp0_iter7_storemerge2_reg_2525   |   32|   0|   32|          0|
    |ap_phi_reg_pp0_iter8_storemerge2_reg_2525   |   32|   0|   32|          0|
    |ap_phi_reg_pp0_iter9_storemerge2_reg_2525   |   32|   0|   32|          0|
    |ap_phi_reg_pp1_iter10_storemerge1_reg_2582  |   32|   0|   32|          0|
    |ap_phi_reg_pp1_iter11_storemerge1_reg_2582  |   32|   0|   32|          0|
    |ap_phi_reg_pp1_iter12_storemerge1_reg_2582  |   32|   0|   32|          0|
    |ap_phi_reg_pp1_iter13_storemerge1_reg_2582  |   32|   0|   32|          0|
    |ap_phi_reg_pp1_iter14_storemerge1_reg_2582  |   32|   0|   32|          0|
    |ap_phi_reg_pp1_iter15_storemerge1_reg_2582  |   32|   0|   32|          0|
    |ap_phi_reg_pp1_iter1_storemerge1_reg_2582   |   32|   0|   32|          0|
    |ap_phi_reg_pp1_iter2_storemerge1_reg_2582   |   32|   0|   32|          0|
    |ap_phi_reg_pp1_iter3_storemerge1_reg_2582   |   32|   0|   32|          0|
    |ap_phi_reg_pp1_iter4_storemerge1_reg_2582   |   32|   0|   32|          0|
    |ap_phi_reg_pp1_iter5_storemerge1_reg_2582   |   32|   0|   32|          0|
    |ap_phi_reg_pp1_iter6_storemerge1_reg_2582   |   32|   0|   32|          0|
    |ap_phi_reg_pp1_iter7_storemerge1_reg_2582   |   32|   0|   32|          0|
    |ap_phi_reg_pp1_iter8_storemerge1_reg_2582   |   32|   0|   32|          0|
    |ap_phi_reg_pp1_iter9_storemerge1_reg_2582   |   32|   0|   32|          0|
    |ap_phi_reg_pp2_iter10_storemerge_reg_2690   |   32|   0|   32|          0|
    |ap_phi_reg_pp2_iter11_storemerge_reg_2690   |   32|   0|   32|          0|
    |ap_phi_reg_pp2_iter12_storemerge_reg_2690   |   32|   0|   32|          0|
    |ap_phi_reg_pp2_iter13_storemerge_reg_2690   |   32|   0|   32|          0|
    |ap_phi_reg_pp2_iter14_storemerge_reg_2690   |   32|   0|   32|          0|
    |ap_phi_reg_pp2_iter15_storemerge_reg_2690   |   32|   0|   32|          0|
    |ap_phi_reg_pp2_iter1_storemerge_reg_2690    |   32|   0|   32|          0|
    |ap_phi_reg_pp2_iter2_storemerge_reg_2690    |   32|   0|   32|          0|
    |ap_phi_reg_pp2_iter3_storemerge_reg_2690    |   32|   0|   32|          0|
    |ap_phi_reg_pp2_iter4_storemerge_reg_2690    |   32|   0|   32|          0|
    |ap_phi_reg_pp2_iter5_storemerge_reg_2690    |   32|   0|   32|          0|
    |ap_phi_reg_pp2_iter6_storemerge_reg_2690    |   32|   0|   32|          0|
    |ap_phi_reg_pp2_iter7_storemerge_reg_2690    |   32|   0|   32|          0|
    |ap_phi_reg_pp2_iter8_storemerge_reg_2690    |   32|   0|   32|          0|
    |ap_phi_reg_pp2_iter9_storemerge_reg_2690    |   32|   0|   32|          0|
    |bitcast_ln15_reg_4318                       |   32|   0|   32|          0|
    |bound130_reg_4071                           |  116|   0|  116|          0|
    |buff_C_addr_1_reg_4550                      |   12|   0|   12|          0|
    |buff_C_addr_reg_4188                        |   12|   0|   12|          0|
    |buff_C_load_reg_4566                        |   32|   0|   32|          0|
    |cmp3_i21_mid1_reg_4372                      |    1|   0|    1|          0|
    |cmp3_i21_reg_4328                           |    1|   0|    1|          0|
    |cmp3_i41_mid1_reg_4531                      |    1|   0|    1|          0|
    |cmp3_i41_reg_4485                           |    1|   0|    1|          0|
    |cmp3_i41_reg_4485_pp3_iter1_reg             |    1|   0|    1|          0|
    |cmp3_i_mid1_reg_4288                        |    1|   0|    1|          0|
    |cmp3_i_reg_4239                             |    1|   0|    1|          0|
    |cmp3_i_reg_4239_pp1_iter1_reg               |    1|   0|    1|          0|
    |cmp5_mid1_reg_4169                          |    1|   0|    1|          0|
    |cmp5_reg_4123                               |    1|   0|    1|          0|
    |cmp5_reg_4123_pp0_iter1_reg                 |    1|   0|    1|          0|
    |gmem0_addr_1_reg_4312                       |   64|   0|   64|          0|
    |gmem0_addr_2_reg_4560                       |   64|   0|   64|          0|
    |gmem0_addr_read_reg_4204                    |   32|   0|   32|          0|
    |gmem0_addr_reg_4198                         |   64|   0|   64|          0|
    |gmem1_addr_read_reg_4470                    |   32|   0|   32|          0|
    |gmem1_addr_reg_4464                         |   64|   0|   64|          0|
    |grp_compute_tile_fu_2798_ap_start_reg       |    1|   0|    1|          0|
    |i_1_reg_2776                                |    7|   0|    7|          0|
    |i_2_reg_2668                                |    7|   0|    7|          0|
    |i_3_reg_2470                                |   64|   0|   64|          0|
    |i_reg_2560                                  |    7|   0|    7|          0|
    |icmp_ln10_1_reg_4342                        |    1|   0|    1|          0|
    |icmp_ln10_reg_4253                          |    1|   0|    1|          0|
    |icmp_ln10_reg_4253_pp1_iter1_reg            |    1|   0|    1|          0|
    |icmp_ln14_1_reg_4455                        |    1|   0|    1|          0|
    |icmp_ln14_reg_4293                          |    1|   0|    1|          0|
    |icmp_ln46_reg_4490                          |    1|   0|    1|          0|
    |icmp_ln47_reg_4499                          |    1|   0|    1|          0|
    |icmp_ln47_reg_4499_pp3_iter1_reg            |    1|   0|    1|          0|
    |icmp_ln51_reg_4536                          |    1|   0|    1|          0|
    |icmp_ln80_reg_4128                          |    1|   0|    1|          0|
    |icmp_ln81_reg_4137                          |    1|   0|    1|          0|
    |icmp_ln81_reg_4137_pp0_iter1_reg            |    1|   0|    1|          0|
    |icmp_ln85_reg_4174                          |    1|   0|    1|          0|
    |icmp_ln9_1_reg_4333                         |    1|   0|    1|          0|
    |icmp_ln9_reg_4244                           |    1|   0|    1|          0|
    |ii_reg_2503                                 |    7|   0|    7|          0|
    |indvar_flatten105_reg_2657                  |   13|   0|   13|          0|
    |indvar_flatten122_reg_2765                  |   13|   0|   13|          0|
    |indvar_flatten142_reg_2459                  |  116|   0|  116|          0|
    |indvar_flatten88_reg_2549                   |   13|   0|   13|          0|
    |indvar_flatten_reg_2492                     |   13|   0|   13|          0|
    |j_1_reg_2571                                |    7|   0|    7|          0|
    |j_2_reg_2787                                |    7|   0|    7|          0|
    |j_3_reg_2679                                |    7|   0|    7|          0|
    |j_reg_2481                                  |   64|   0|   64|          0|
    |jj_reg_2514                                 |    7|   0|    7|          0|
    |k_reg_2537                                  |   64|   0|   64|          0|
    |mul8_reg_4214                               |   32|   0|   32|          0|
    |mul_ln46_reg_4545                           |   62|   0|   62|          0|
    |mul_ln80_reg_4183                           |   62|   0|   62|          0|
    |mul_ln9_1_reg_4377                          |   62|   0|   62|          0|
    |mul_ln9_reg_4302                            |   62|   0|   62|          0|
    |select_ln45_1_reg_4093                      |   64|   0|   64|          0|
    |select_ln45_reg_4085                        |   64|   0|   64|          0|
    |select_ln46_1_reg_4511                      |    7|   0|    7|          0|
    |select_ln46_reg_4504                        |    7|   0|    7|          0|
    |select_ln75_1_reg_3982                      |   58|   0|   58|          0|
    |select_ln75_reg_3977                        |   58|   0|   58|          0|
    |select_ln80_1_reg_4149                      |    7|   0|    7|          0|
    |select_ln80_reg_4142                        |    7|   0|    7|          0|
    |select_ln9_1_reg_4264                       |    6|   0|    6|          0|
    |select_ln9_3_reg_4269                       |    7|   0|    7|          0|
    |select_ln9_4_reg_4347                       |    7|   0|    7|          0|
    |select_ln9_6_reg_4353                       |    7|   0|    7|          0|
    |select_ln9_reg_4258                         |    7|   0|    7|          0|
    |sext_ln75_1_reg_4043                        |   64|   0|   64|          0|
    |sext_ln75_2_reg_4053                        |   64|   0|   64|          0|
    |sext_ln75_3_reg_4036                        |   62|   0|   62|          0|
    |sext_ln75_4_reg_4066                        |   62|   0|   62|          0|
    |sext_ln75_7_reg_4060                        |   33|   0|   33|          0|
    |sext_ln75_reg_4028                          |   64|   0|   64|          0|
    |sext_ln91_reg_4219                          |   58|   0|   64|          6|
    |trunc_ln13_reg_4228                         |   62|   0|   62|          0|
    |trunc_ln15_reg_4279                         |    6|   0|    6|          0|
    |trunc_ln45_reg_4104                         |   62|   0|   62|          0|
    |trunc_ln52_reg_4516                         |    6|   0|    6|          0|
    |trunc_ln84_reg_4111                         |   62|   0|   62|          0|
    |trunc_ln86_reg_4154                         |    6|   0|    6|          0|
    |trunc_ln9_2_reg_4363                        |    6|   0|    6|          0|
    |zext_ln10_1_reg_4382                        |    7|   0|   64|         57|
    |and_ln14_1_reg_4460                         |   64|  32|    1|          0|
    |and_ln14_reg_4298                           |   64|  32|    1|          0|
    |and_ln51_reg_4541                           |   64|  32|    1|          0|
    |and_ln85_reg_4179                           |   64|  32|    1|          0|
    |buff_C_addr_reg_4188                        |   64|  32|   12|          0|
    |cmp3_i21_mid1_reg_4372                      |   64|  32|    1|          0|
    |cmp3_i21_reg_4328                           |   64|  32|    1|          0|
    |icmp_ln10_1_reg_4342                        |   64|  32|    1|          0|
    |icmp_ln46_reg_4490                          |   64|  32|    1|          0|
    |icmp_ln80_reg_4128                          |   64|  32|    1|          0|
    |icmp_ln9_1_reg_4333                         |   64|  32|    1|          0|
    |icmp_ln9_reg_4244                           |   64|  32|    1|          0|
    |select_ln46_reg_4504                        |   64|  32|    7|          0|
    |select_ln80_reg_4142                        |   64|  32|    7|          0|
    |select_ln9_1_reg_4264                       |   64|  32|    6|          0|
    |select_ln9_4_reg_4347                       |   64|  32|    7|          0|
    |select_ln9_reg_4258                         |   64|  32|    7|          0|
    |trunc_ln15_reg_4279                         |   64|  32|    6|          0|
    |trunc_ln52_reg_4516                         |   64|  32|    6|          0|
    |trunc_ln86_reg_4154                         |   64|  32|    6|          0|
    |trunc_ln9_2_reg_4363                        |   64|  32|    6|          0|
    |zext_ln10_1_reg_4382                        |   64|  32|   64|         57|
    +--------------------------------------------+-----+----+-----+-----------+
    |Total                                       | 6133| 704| 4933|        120|
    +--------------------------------------------+-----+----+-----+-----------+



================================================================
== Interface
================================================================
* Summary: 
+-------------------------+-----+-----+------------+--------------+--------------+
|        RTL Ports        | Dir | Bits|  Protocol  | Source Object|    C Type    |
+-------------------------+-----+-----+------------+--------------+--------------+
|s_axi_control_AWVALID    |   in|    1|       s_axi|       control|   return void|
|s_axi_control_AWREADY    |  out|    1|       s_axi|       control|   return void|
|s_axi_control_AWADDR     |   in|    4|       s_axi|       control|   return void|
|s_axi_control_WVALID     |   in|    1|       s_axi|       control|   return void|
|s_axi_control_WREADY     |  out|    1|       s_axi|       control|   return void|
|s_axi_control_WDATA      |   in|   32|       s_axi|       control|   return void|
|s_axi_control_WSTRB      |   in|    4|       s_axi|       control|   return void|
|s_axi_control_ARVALID    |   in|    1|       s_axi|       control|   return void|
|s_axi_control_ARREADY    |  out|    1|       s_axi|       control|   return void|
|s_axi_control_ARADDR     |   in|    4|       s_axi|       control|   return void|
|s_axi_control_RVALID     |  out|    1|       s_axi|       control|   return void|
|s_axi_control_RREADY     |   in|    1|       s_axi|       control|   return void|
|s_axi_control_RDATA      |  out|   32|       s_axi|       control|   return void|
|s_axi_control_RRESP      |  out|    2|       s_axi|       control|   return void|
|s_axi_control_BVALID     |  out|    1|       s_axi|       control|   return void|
|s_axi_control_BREADY     |   in|    1|       s_axi|       control|   return void|
|s_axi_control_BRESP      |  out|    2|       s_axi|       control|   return void|
|s_axi_control_r_AWVALID  |   in|    1|       s_axi|     control_r|        scalar|
|s_axi_control_r_AWREADY  |  out|    1|       s_axi|     control_r|        scalar|
|s_axi_control_r_AWADDR   |   in|    6|       s_axi|     control_r|        scalar|
|s_axi_control_r_WVALID   |   in|    1|       s_axi|     control_r|        scalar|
|s_axi_control_r_WREADY   |  out|    1|       s_axi|     control_r|        scalar|
|s_axi_control_r_WDATA    |   in|   32|       s_axi|     control_r|        scalar|
|s_axi_control_r_WSTRB    |   in|    4|       s_axi|     control_r|        scalar|
|s_axi_control_r_ARVALID  |   in|    1|       s_axi|     control_r|        scalar|
|s_axi_control_r_ARREADY  |  out|    1|       s_axi|     control_r|        scalar|
|s_axi_control_r_ARADDR   |   in|    6|       s_axi|     control_r|        scalar|
|s_axi_control_r_RVALID   |  out|    1|       s_axi|     control_r|        scalar|
|s_axi_control_r_RREADY   |   in|    1|       s_axi|     control_r|        scalar|
|s_axi_control_r_RDATA    |  out|   32|       s_axi|     control_r|        scalar|
|s_axi_control_r_RRESP    |  out|    2|       s_axi|     control_r|        scalar|
|s_axi_control_r_BVALID   |  out|    1|       s_axi|     control_r|        scalar|
|s_axi_control_r_BREADY   |   in|    1|       s_axi|     control_r|        scalar|
|s_axi_control_r_BRESP    |  out|    2|       s_axi|     control_r|        scalar|
|ap_clk                   |   in|    1|  ap_ctrl_hs|   kernel_gemm|  return value|
|ap_rst_n                 |   in|    1|  ap_ctrl_hs|   kernel_gemm|  return value|
|interrupt                |  out|    1|  ap_ctrl_hs|   kernel_gemm|  return value|
|m_axi_gmem0_AWVALID      |  out|    1|       m_axi|         gmem0|       pointer|
|m_axi_gmem0_AWREADY      |   in|    1|       m_axi|         gmem0|       pointer|
|m_axi_gmem0_AWADDR       |  out|   64|       m_axi|         gmem0|       pointer|
|m_axi_gmem0_AWID         |  out|    1|       m_axi|         gmem0|       pointer|
|m_axi_gmem0_AWLEN        |  out|    8|       m_axi|         gmem0|       pointer|
|m_axi_gmem0_AWSIZE       |  out|    3|       m_axi|         gmem0|       pointer|
|m_axi_gmem0_AWBURST      |  out|    2|       m_axi|         gmem0|       pointer|
|m_axi_gmem0_AWLOCK       |  out|    2|       m_axi|         gmem0|       pointer|
|m_axi_gmem0_AWCACHE      |  out|    4|       m_axi|         gmem0|       pointer|
|m_axi_gmem0_AWPROT       |  out|    3|       m_axi|         gmem0|       pointer|
|m_axi_gmem0_AWQOS        |  out|    4|       m_axi|         gmem0|       pointer|
|m_axi_gmem0_AWREGION     |  out|    4|       m_axi|         gmem0|       pointer|
|m_axi_gmem0_AWUSER       |  out|    1|       m_axi|         gmem0|       pointer|
|m_axi_gmem0_WVALID       |  out|    1|       m_axi|         gmem0|       pointer|
|m_axi_gmem0_WREADY       |   in|    1|       m_axi|         gmem0|       pointer|
|m_axi_gmem0_WDATA        |  out|   32|       m_axi|         gmem0|       pointer|
|m_axi_gmem0_WSTRB        |  out|    4|       m_axi|         gmem0|       pointer|
|m_axi_gmem0_WLAST        |  out|    1|       m_axi|         gmem0|       pointer|
|m_axi_gmem0_WID          |  out|    1|       m_axi|         gmem0|       pointer|
|m_axi_gmem0_WUSER        |  out|    1|       m_axi|         gmem0|       pointer|
|m_axi_gmem0_ARVALID      |  out|    1|       m_axi|         gmem0|       pointer|
|m_axi_gmem0_ARREADY      |   in|    1|       m_axi|         gmem0|       pointer|
|m_axi_gmem0_ARADDR       |  out|   64|       m_axi|         gmem0|       pointer|
|m_axi_gmem0_ARID         |  out|    1|       m_axi|         gmem0|       pointer|
|m_axi_gmem0_ARLEN        |  out|    8|       m_axi|         gmem0|       pointer|
|m_axi_gmem0_ARSIZE       |  out|    3|       m_axi|         gmem0|       pointer|
|m_axi_gmem0_ARBURST      |  out|    2|       m_axi|         gmem0|       pointer|
|m_axi_gmem0_ARLOCK       |  out|    2|       m_axi|         gmem0|       pointer|
|m_axi_gmem0_ARCACHE      |  out|    4|       m_axi|         gmem0|       pointer|
|m_axi_gmem0_ARPROT       |  out|    3|       m_axi|         gmem0|       pointer|
|m_axi_gmem0_ARQOS        |  out|    4|       m_axi|         gmem0|       pointer|
|m_axi_gmem0_ARREGION     |  out|    4|       m_axi|         gmem0|       pointer|
|m_axi_gmem0_ARUSER       |  out|    1|       m_axi|         gmem0|       pointer|
|m_axi_gmem0_RVALID       |   in|    1|       m_axi|         gmem0|       pointer|
|m_axi_gmem0_RREADY       |  out|    1|       m_axi|         gmem0|       pointer|
|m_axi_gmem0_RDATA        |   in|   32|       m_axi|         gmem0|       pointer|
|m_axi_gmem0_RLAST        |   in|    1|       m_axi|         gmem0|       pointer|
|m_axi_gmem0_RID          |   in|    1|       m_axi|         gmem0|       pointer|
|m_axi_gmem0_RUSER        |   in|    1|       m_axi|         gmem0|       pointer|
|m_axi_gmem0_RRESP        |   in|    2|       m_axi|         gmem0|       pointer|
|m_axi_gmem0_BVALID       |   in|    1|       m_axi|         gmem0|       pointer|
|m_axi_gmem0_BREADY       |  out|    1|       m_axi|         gmem0|       pointer|
|m_axi_gmem0_BRESP        |   in|    2|       m_axi|         gmem0|       pointer|
|m_axi_gmem0_BID          |   in|    1|       m_axi|         gmem0|       pointer|
|m_axi_gmem0_BUSER        |   in|    1|       m_axi|         gmem0|       pointer|
|m_axi_gmem1_AWVALID      |  out|    1|       m_axi|         gmem1|       pointer|
|m_axi_gmem1_AWREADY      |   in|    1|       m_axi|         gmem1|       pointer|
|m_axi_gmem1_AWADDR       |  out|   64|       m_axi|         gmem1|       pointer|
|m_axi_gmem1_AWID         |  out|    1|       m_axi|         gmem1|       pointer|
|m_axi_gmem1_AWLEN        |  out|    8|       m_axi|         gmem1|       pointer|
|m_axi_gmem1_AWSIZE       |  out|    3|       m_axi|         gmem1|       pointer|
|m_axi_gmem1_AWBURST      |  out|    2|       m_axi|         gmem1|       pointer|
|m_axi_gmem1_AWLOCK       |  out|    2|       m_axi|         gmem1|       pointer|
|m_axi_gmem1_AWCACHE      |  out|    4|       m_axi|         gmem1|       pointer|
|m_axi_gmem1_AWPROT       |  out|    3|       m_axi|         gmem1|       pointer|
|m_axi_gmem1_AWQOS        |  out|    4|       m_axi|         gmem1|       pointer|
|m_axi_gmem1_AWREGION     |  out|    4|       m_axi|         gmem1|       pointer|
|m_axi_gmem1_AWUSER       |  out|    1|       m_axi|         gmem1|       pointer|
|m_axi_gmem1_WVALID       |  out|    1|       m_axi|         gmem1|       pointer|
|m_axi_gmem1_WREADY       |   in|    1|       m_axi|         gmem1|       pointer|
|m_axi_gmem1_WDATA        |  out|   32|       m_axi|         gmem1|       pointer|
|m_axi_gmem1_WSTRB        |  out|    4|       m_axi|         gmem1|       pointer|
|m_axi_gmem1_WLAST        |  out|    1|       m_axi|         gmem1|       pointer|
|m_axi_gmem1_WID          |  out|    1|       m_axi|         gmem1|       pointer|
|m_axi_gmem1_WUSER        |  out|    1|       m_axi|         gmem1|       pointer|
|m_axi_gmem1_ARVALID      |  out|    1|       m_axi|         gmem1|       pointer|
|m_axi_gmem1_ARREADY      |   in|    1|       m_axi|         gmem1|       pointer|
|m_axi_gmem1_ARADDR       |  out|   64|       m_axi|         gmem1|       pointer|
|m_axi_gmem1_ARID         |  out|    1|       m_axi|         gmem1|       pointer|
|m_axi_gmem1_ARLEN        |  out|    8|       m_axi|         gmem1|       pointer|
|m_axi_gmem1_ARSIZE       |  out|    3|       m_axi|         gmem1|       pointer|
|m_axi_gmem1_ARBURST      |  out|    2|       m_axi|         gmem1|       pointer|
|m_axi_gmem1_ARLOCK       |  out|    2|       m_axi|         gmem1|       pointer|
|m_axi_gmem1_ARCACHE      |  out|    4|       m_axi|         gmem1|       pointer|
|m_axi_gmem1_ARPROT       |  out|    3|       m_axi|         gmem1|       pointer|
|m_axi_gmem1_ARQOS        |  out|    4|       m_axi|         gmem1|       pointer|
|m_axi_gmem1_ARREGION     |  out|    4|       m_axi|         gmem1|       pointer|
|m_axi_gmem1_ARUSER       |  out|    1|       m_axi|         gmem1|       pointer|
|m_axi_gmem1_RVALID       |   in|    1|       m_axi|         gmem1|       pointer|
|m_axi_gmem1_RREADY       |  out|    1|       m_axi|         gmem1|       pointer|
|m_axi_gmem1_RDATA        |   in|   32|       m_axi|         gmem1|       pointer|
|m_axi_gmem1_RLAST        |   in|    1|       m_axi|         gmem1|       pointer|
|m_axi_gmem1_RID          |   in|    1|       m_axi|         gmem1|       pointer|
|m_axi_gmem1_RUSER        |   in|    1|       m_axi|         gmem1|       pointer|
|m_axi_gmem1_RRESP        |   in|    2|       m_axi|         gmem1|       pointer|
|m_axi_gmem1_BVALID       |   in|    1|       m_axi|         gmem1|       pointer|
|m_axi_gmem1_BREADY       |  out|    1|       m_axi|         gmem1|       pointer|
|m_axi_gmem1_BRESP        |   in|    2|       m_axi|         gmem1|       pointer|
|m_axi_gmem1_BID          |   in|    1|       m_axi|         gmem1|       pointer|
|m_axi_gmem1_BUSER        |   in|    1|       m_axi|         gmem1|       pointer|
|alpha                    |   in|   32|     ap_none|         alpha|        scalar|
|beta                     |   in|   32|     ap_none|          beta|        scalar|
|ni                       |   in|   32|     ap_none|            ni|        scalar|
|nj                       |   in|   32|     ap_none|            nj|        scalar|
|nk                       |   in|   32|     ap_none|            nk|        scalar|
+-------------------------+-----+-----+------------+--------------+--------------+

